<?xml version="1.0" encoding="UTF-8"?>
<testng-results ignored="0" total="1" passed="1" failed="0" skipped="0">
  <reporter-output>
  </reporter-output>
  <suite started-at="2024-12-05T15:03:16 EST" name="Default suite" finished-at="2024-12-05T15:03:30 EST" duration-ms="13681">
    <groups>
    </groups>
    <test started-at="2024-12-05T15:03:16 EST" name="Default test" finished-at="2024-12-05T15:03:30 EST" duration-ms="13681">
      <class name="tests.RunSurvey">
        <test-method is-config="true" signature="BeforeExc()[pri:0, instance:tests.RunSurvey@7de4a01f]" started-at="2024-12-05T15:03:16 EST" name="BeforeExc" finished-at="2024-12-05T15:03:17 EST" duration-ms="831" status="PASS">
          <reporter-output>
          </reporter-output>
        </test-method> <!-- BeforeExc -->
        <test-method signature="QuickExcution()[pri:0, instance:tests.RunSurvey@7de4a01f]" started-at="2024-12-05T15:03:17 EST" name="QuickExcution" finished-at="2024-12-05T15:03:30 EST" duration-ms="12548" status="PASS">
          <reporter-output>
          </reporter-output>
        </test-method> <!-- QuickExcution -->
        <test-method is-config="true" signature="close()[pri:0, instance:tests.RunSurvey@7de4a01f]" started-at="2024-12-05T15:03:30 EST" name="close" finished-at="2024-12-05T15:03:30 EST" duration-ms="260" status="PASS">
          <reporter-output>
          </reporter-output>
        </test-method> <!-- close -->
      </class> <!-- tests.RunSurvey -->
    </test> <!-- Default test -->
  </suite> <!-- Default suite -->
</testng-results>
