<?xml version="1.0" encoding="UTF-8"?>
<testng-results ignored="0" total="1" passed="1" failed="0" skipped="0">
  <reporter-output>
  </reporter-output>
  <suite started-at="2024-11-15T10:33:53 EST" name="Default suite" finished-at="2024-11-15T10:34:37 EST" duration-ms="43970">
    <groups>
    </groups>
    <test started-at="2024-11-15T10:33:53 EST" name="Default test" finished-at="2024-11-15T10:34:37 EST" duration-ms="43970">
      <class name="tests.RunSurvey">
        <test-method is-config="true" signature="BeforeExc()[pri:0, instance:tests.RunSurvey@7de4a01f]" started-at="2024-11-15T10:33:53 EST" name="BeforeExc" finished-at="2024-11-15T10:33:54 EST" duration-ms="1334" status="PASS">
          <reporter-output>
          </reporter-output>
        </test-method> <!-- BeforeExc -->
        <test-method signature="SlowExcution()[pri:0, instance:tests.RunSurvey@7de4a01f]" started-at="2024-11-15T10:33:54 EST" name="SlowExcution" finished-at="2024-11-15T10:34:37 EST" duration-ms="42596" status="PASS">
          <reporter-output>
          </reporter-output>
        </test-method> <!-- SlowExcution -->
        <test-method is-config="true" signature="close()[pri:0, instance:tests.RunSurvey@7de4a01f]" started-at="2024-11-15T10:34:37 EST" name="close" finished-at="2024-11-15T10:34:37 EST" duration-ms="0" status="PASS">
          <reporter-output>
          </reporter-output>
        </test-method> <!-- close -->
      </class> <!-- tests.RunSurvey -->
    </test> <!-- Default test -->
  </suite> <!-- Default suite -->
</testng-results>
